<?xml version='1.0' encoding='UTF-8'?>
<testsuite hostname="Akin" name="filesearcher.MatcherTests" tests="2" errors="0" failures="0" time="0.074">
                     <properties>
[...]
</properties>
                     <testcase classname="filesearcher.MatcherTests" name="Matcher that is passed a file matching the filter should return a list with the file name" time="0.065">
                                                 
                                               </testcase><testcase classname="filesearcher.MatcherTests" name="Matcher using a directory containing one file matching the filter should return a list with that file name" time="0.009">
                                                 
                                               </testcase>
                     <system-out></system-out>
                     <system-err></system-err>
                   </testsuite>